mode: atomic
github.com/ealebed/gh-app-cherry-pick-poc/internal/config/config.go:20.30,25.18 5 2
github.com/ealebed/gh-app-cherry-pick-poc/internal/config/config.go:25.18,27.3 1 2
github.com/ealebed/gh-app-cherry-pick-poc/internal/config/config.go:29.2,29.52 1 2
github.com/ealebed/gh-app-cherry-pick-poc/internal/config/config.go:29.52,31.3 1 1
github.com/ealebed/gh-app-cherry-pick-poc/internal/config/config.go:32.2,34.16 3 1
github.com/ealebed/gh-app-cherry-pick-poc/internal/config/config.go:34.16,36.3 1 0
github.com/ealebed/gh-app-cherry-pick-poc/internal/config/config.go:38.2,39.16 2 1
github.com/ealebed/gh-app-cherry-pick-poc/internal/config/config.go:39.16,41.3 1 0
github.com/ealebed/gh-app-cherry-pick-poc/internal/config/config.go:43.2,50.8 1 1
github.com/ealebed/gh-app-cherry-pick-poc/internal/config/config.go:53.34,54.32 1 2
github.com/ealebed/gh-app-cherry-pick-poc/internal/config/config.go:54.32,56.3 1 2
github.com/ealebed/gh-app-cherry-pick-poc/internal/config/config.go:57.2,57.12 1 0
github.com/ealebed/gh-app-cherry-pick-poc/internal/gitexec/gitexec.go:19.69,21.15 2 0
github.com/ealebed/gh-app-cherry-pick-poc/internal/gitexec/gitexec.go:21.15,23.3 1 0
github.com/ealebed/gh-app-cherry-pick-poc/internal/gitexec/gitexec.go:24.2,25.16 2 0
github.com/ealebed/gh-app-cherry-pick-poc/internal/gitexec/gitexec.go:25.16,27.3 1 0
github.com/ealebed/gh-app-cherry-pick-poc/internal/gitexec/gitexec.go:28.2,28.74 1 0
github.com/ealebed/gh-app-cherry-pick-poc/internal/gitexec/gitexec.go:33.78,43.25 7 0
github.com/ealebed/gh-app-cherry-pick-poc/internal/gitexec/gitexec.go:43.25,45.3 1 0
github.com/ealebed/gh-app-cherry-pick-poc/internal/gitexec/gitexec.go:47.2,49.16 3 0
github.com/ealebed/gh-app-cherry-pick-poc/internal/gitexec/gitexec.go:49.16,53.3 3 0
github.com/ealebed/gh-app-cherry-pick-poc/internal/gitexec/gitexec.go:54.2,54.51 1 0
github.com/ealebed/gh-app-cherry-pick-poc/internal/gitexec/gitexec.go:54.51,56.3 1 0
github.com/ealebed/gh-app-cherry-pick-poc/internal/gitexec/gitexec.go:57.2,57.12 1 0
github.com/ealebed/gh-app-cherry-pick-poc/internal/gitexec/gitexec.go:60.26,60.57 1 0
github.com/ealebed/gh-app-cherry-pick-poc/internal/gitexec/gitexec.go:62.87,64.50 2 0
github.com/ealebed/gh-app-cherry-pick-poc/internal/gitexec/gitexec.go:64.50,66.3 1 0
github.com/ealebed/gh-app-cherry-pick-poc/internal/gitexec/gitexec.go:67.2,67.74 1 0
github.com/ealebed/gh-app-cherry-pick-poc/internal/gitexec/gitexec.go:67.74,69.3 1 0
github.com/ealebed/gh-app-cherry-pick-poc/internal/gitexec/gitexec.go:70.2,71.12 2 0
github.com/ealebed/gh-app-cherry-pick-poc/internal/gitexec/gitexec.go:74.76,75.71 1 0
github.com/ealebed/gh-app-cherry-pick-poc/internal/gitexec/gitexec.go:75.71,77.3 1 0
github.com/ealebed/gh-app-cherry-pick-poc/internal/gitexec/gitexec.go:78.2,78.57 1 0
github.com/ealebed/gh-app-cherry-pick-poc/internal/gitexec/gitexec.go:81.70,84.2 2 0
github.com/ealebed/gh-app-cherry-pick-poc/internal/gitexec/gitexec.go:86.91,88.84 1 0
github.com/ealebed/gh-app-cherry-pick-poc/internal/gitexec/gitexec.go:88.84,90.3 1 0
github.com/ealebed/gh-app-cherry-pick-poc/internal/gitexec/gitexec.go:91.2,91.64 1 0
github.com/ealebed/gh-app-cherry-pick-poc/internal/gitexec/gitexec.go:94.68,96.2 1 0
github.com/ealebed/gh-app-cherry-pick-poc/internal/gitexec/gitexec.go:98.60,100.2 1 0
github.com/ealebed/gh-app-cherry-pick-poc/internal/gitexec/gitexec.go:102.94,104.2 1 0
github.com/ealebed/gh-app-cherry-pick-poc/internal/gitexec/gitexec.go:106.55,108.2 1 0
github.com/ealebed/gh-app-cherry-pick-poc/internal/gitexec/gitexec.go:110.65,112.2 1 0
github.com/ealebed/gh-app-cherry-pick-poc/internal/githubapp/client.go:16.82,19.16 3 2
github.com/ealebed/gh-app-cherry-pick-poc/internal/githubapp/client.go:19.16,21.3 1 1
github.com/ealebed/gh-app-cherry-pick-poc/internal/githubapp/client.go:22.2,26.8 2 1
github.com/ealebed/gh-app-cherry-pick-poc/cmd/server/main.go:17.13,22.49 3 0
github.com/ealebed/gh-app-cherry-pick-poc/cmd/server/main.go:23.15,24.26 1 0
github.com/ealebed/gh-app-cherry-pick-poc/cmd/server/main.go:25.14,26.25 1 0
github.com/ealebed/gh-app-cherry-pick-poc/cmd/server/main.go:27.15,28.26 1 0
github.com/ealebed/gh-app-cherry-pick-poc/cmd/server/main.go:30.2,34.16 4 0
github.com/ealebed/gh-app-cherry-pick-poc/cmd/server/main.go:34.16,36.3 1 0
github.com/ealebed/gh-app-cherry-pick-poc/cmd/server/main.go:38.2,48.72 4 0
github.com/ealebed/gh-app-cherry-pick-poc/cmd/server/main.go:48.72,48.94 1 0
github.com/ealebed/gh-app-cherry-pick-poc/cmd/server/main.go:50.2,51.51 2 0
github.com/ealebed/gh-app-cherry-pick-poc/internal/cherry/labels.go:19.59,23.27 3 7
github.com/ealebed/gh-app-cherry-pick-poc/internal/cherry/labels.go:23.27,24.32 1 10
github.com/ealebed/gh-app-cherry-pick-poc/internal/cherry/labels.go:24.32,25.12 1 0
github.com/ealebed/gh-app-cherry-pick-poc/internal/cherry/labels.go:27.3,29.18 3 10
github.com/ealebed/gh-app-cherry-pick-poc/internal/cherry/labels.go:29.18,30.12 1 2
github.com/ealebed/gh-app-cherry-pick-poc/internal/cherry/labels.go:34.3,35.33 2 8
github.com/ealebed/gh-app-cherry-pick-poc/internal/cherry/labels.go:35.33,38.16 3 10
github.com/ealebed/gh-app-cherry-pick-poc/internal/cherry/labels.go:38.16,39.13 1 0
github.com/ealebed/gh-app-cherry-pick-poc/internal/cherry/labels.go:41.4,41.29 1 10
github.com/ealebed/gh-app-cherry-pick-poc/internal/cherry/labels.go:41.29,42.13 1 1
github.com/ealebed/gh-app-cherry-pick-poc/internal/cherry/labels.go:44.4,45.25 2 9
github.com/ealebed/gh-app-cherry-pick-poc/internal/cherry/labels.go:48.2,48.12 1 7
github.com/ealebed/gh-app-cherry-pick-poc/internal/cherry/labels.go:51.39,54.45 2 8
github.com/ealebed/gh-app-cherry-pick-poc/internal/cherry/labels.go:54.45,56.17 2 9
github.com/ealebed/gh-app-cherry-pick-poc/internal/cherry/labels.go:56.17,57.12 1 0
github.com/ealebed/gh-app-cherry-pick-poc/internal/cherry/labels.go:60.3,60.44 1 9
github.com/ealebed/gh-app-cherry-pick-poc/internal/cherry/labels.go:60.44,61.17 1 10
github.com/ealebed/gh-app-cherry-pick-poc/internal/cherry/labels.go:61.17,63.5 1 10
github.com/ealebed/gh-app-cherry-pick-poc/internal/cherry/labels.go:66.2,66.12 1 8
github.com/ealebed/gh-app-cherry-pick-poc/internal/cherry/runner.go:31.71,33.2 1 0
github.com/ealebed/gh-app-cherry-pick-poc/internal/cherry/runner.go:39.42,40.16 1 1
github.com/ealebed/gh-app-cherry-pick-poc/internal/cherry/runner.go:40.16,42.3 1 0
github.com/ealebed/gh-app-cherry-pick-poc/internal/cherry/runner.go:43.2,46.44 2 1
github.com/ealebed/gh-app-cherry-pick-poc/internal/cherry/runner.go:50.118,52.2 1 2
github.com/ealebed/gh-app-cherry-pick-poc/internal/cherry/runner.go:55.144,57.2 1 1
github.com/ealebed/gh-app-cherry-pick-poc/internal/cherry/runner.go:59.132,61.16 2 3
github.com/ealebed/gh-app-cherry-pick-poc/internal/cherry/runner.go:61.16,63.3 1 0
github.com/ealebed/gh-app-cherry-pick-poc/internal/cherry/runner.go:64.2,66.66 2 3
github.com/ealebed/gh-app-cherry-pick-poc/internal/cherry/runner.go:66.66,68.3 1 0
github.com/ealebed/gh-app-cherry-pick-poc/internal/cherry/runner.go:69.2,69.67 1 3
github.com/ealebed/gh-app-cherry-pick-poc/internal/cherry/runner.go:69.67,71.3 1 0
github.com/ealebed/gh-app-cherry-pick-poc/internal/cherry/runner.go:74.2,78.16 1 3
github.com/ealebed/gh-app-cherry-pick-poc/internal/cherry/runner.go:78.16,80.3 1 0
github.com/ealebed/gh-app-cherry-pick-poc/internal/cherry/runner.go:82.2,83.20 2 3
github.com/ealebed/gh-app-cherry-pick-poc/internal/cherry/runner.go:83.20,85.3 1 3
github.com/ealebed/gh-app-cherry-pick-poc/internal/cherry/runner.go:86.2,90.86 3 3
github.com/ealebed/gh-app-cherry-pick-poc/internal/cherry/runner.go:90.86,92.3 1 0
github.com/ealebed/gh-app-cherry-pick-poc/internal/cherry/runner.go:95.2,95.18 1 3
github.com/ealebed/gh-app-cherry-pick-poc/internal/cherry/runner.go:95.18,97.70 2 1
github.com/ealebed/gh-app-cherry-pick-poc/internal/cherry/runner.go:97.70,98.32 1 0
github.com/ealebed/gh-app-cherry-pick-poc/internal/cherry/runner.go:98.32,101.5 2 0
github.com/ealebed/gh-app-cherry-pick-poc/internal/cherry/runner.go:102.4,102.113 1 0
github.com/ealebed/gh-app-cherry-pick-poc/internal/cherry/runner.go:104.8,105.48 1 2
github.com/ealebed/gh-app-cherry-pick-poc/internal/cherry/runner.go:105.48,106.32 1 1
github.com/ealebed/gh-app-cherry-pick-poc/internal/cherry/runner.go:106.32,109.5 2 1
github.com/ealebed/gh-app-cherry-pick-poc/internal/cherry/runner.go:110.4,110.89 1 0
github.com/ealebed/gh-app-cherry-pick-poc/internal/cherry/runner.go:115.2,115.48 1 2
github.com/ealebed/gh-app-cherry-pick-poc/internal/cherry/runner.go:115.48,117.3 1 0
github.com/ealebed/gh-app-cherry-pick-poc/internal/cherry/runner.go:118.2,118.24 1 2
github.com/ealebed/gh-app-cherry-pick-poc/internal/webhook/ghshim.go:41.41,41.68 1 0
github.com/ealebed/gh-app-cherry-pick-poc/internal/webhook/ghshim.go:42.41,42.62 1 0
github.com/ealebed/gh-app-cherry-pick-poc/internal/webhook/ghshim.go:43.41,43.59 1 0
github.com/ealebed/gh-app-cherry-pick-poc/internal/webhook/ghshim.go:44.41,44.68 1 0
github.com/ealebed/gh-app-cherry-pick-poc/internal/webhook/handler.go:38.63,40.15 2 5
github.com/ealebed/gh-app-cherry-pick-poc/internal/webhook/handler.go:40.15,42.3 1 0
github.com/ealebed/gh-app-cherry-pick-poc/internal/webhook/handler.go:43.2,46.80 4 5
github.com/ealebed/gh-app-cherry-pick-poc/internal/webhook/handler.go:49.68,56.27 5 3
github.com/ealebed/gh-app-cherry-pick-poc/internal/webhook/handler.go:56.27,60.3 3 1
github.com/ealebed/gh-app-cherry-pick-poc/internal/webhook/handler.go:62.2,64.15 2 2
github.com/ealebed/gh-app-cherry-pick-poc/internal/webhook/handler.go:65.22,67.50 2 1
github.com/ealebed/gh-app-cherry-pick-poc/internal/webhook/handler.go:67.50,71.4 3 0
github.com/ealebed/gh-app-cherry-pick-poc/internal/webhook/handler.go:73.3,73.13 1 1
github.com/ealebed/gh-app-cherry-pick-poc/internal/webhook/handler.go:73.13,74.17 1 1
github.com/ealebed/gh-app-cherry-pick-poc/internal/webhook/handler.go:74.17,75.33 1 1
github.com/ealebed/gh-app-cherry-pick-poc/internal/webhook/handler.go:75.33,77.6 1 0
github.com/ealebed/gh-app-cherry-pick-poc/internal/webhook/handler.go:79.4,79.57 1 1
github.com/ealebed/gh-app-cherry-pick-poc/internal/webhook/handler.go:81.3,81.37 1 1
github.com/ealebed/gh-app-cherry-pick-poc/internal/webhook/handler.go:83.10,85.38 2 1
github.com/ealebed/gh-app-cherry-pick-poc/internal/webhook/handler.go:89.100,90.32 1 3
github.com/ealebed/gh-app-cherry-pick-poc/internal/webhook/handler.go:90.32,93.3 2 1
github.com/ealebed/gh-app-cherry-pick-poc/internal/webhook/handler.go:94.2,113.53 9 2
github.com/ealebed/gh-app-cherry-pick-poc/internal/webhook/handler.go:113.53,115.3 1 0
github.com/ealebed/gh-app-cherry-pick-poc/internal/webhook/handler.go:118.2,118.71 1 2
github.com/ealebed/gh-app-cherry-pick-poc/internal/webhook/handler.go:118.71,122.3 3 0
github.com/ealebed/gh-app-cherry-pick-poc/internal/webhook/handler.go:122.8,124.3 1 2
github.com/ealebed/gh-app-cherry-pick-poc/internal/webhook/handler.go:127.50,128.27 1 8
github.com/ealebed/gh-app-cherry-pick-poc/internal/webhook/handler.go:128.27,130.3 1 7
github.com/ealebed/gh-app-cherry-pick-poc/internal/webhook/handler.go:131.2,134.4 1 1
github.com/ealebed/gh-app-cherry-pick-poc/internal/webhook/handler.go:139.153,145.25 2 0
github.com/ealebed/gh-app-cherry-pick-poc/internal/webhook/handler.go:145.25,147.3 1 0
github.com/ealebed/gh-app-cherry-pick-poc/internal/webhook/handler.go:147.8,149.3 1 0
github.com/ealebed/gh-app-cherry-pick-poc/internal/webhook/handler.go:150.2,150.16 1 0
github.com/ealebed/gh-app-cherry-pick-poc/internal/webhook/handler.go:150.16,153.3 2 0
github.com/ealebed/gh-app-cherry-pick-poc/internal/webhook/handler.go:156.2,157.23 2 0
github.com/ealebed/gh-app-cherry-pick-poc/internal/webhook/handler.go:157.23,159.3 1 0
github.com/ealebed/gh-app-cherry-pick-poc/internal/webhook/handler.go:159.8,161.18 2 0
github.com/ealebed/gh-app-cherry-pick-poc/internal/webhook/handler.go:161.18,164.4 2 0
github.com/ealebed/gh-app-cherry-pick-poc/internal/webhook/handler.go:165.3,165.30 1 0
github.com/ealebed/gh-app-cherry-pick-poc/internal/webhook/handler.go:167.2,167.31 1 0
github.com/ealebed/gh-app-cherry-pick-poc/internal/webhook/handler.go:167.31,170.3 2 0
github.com/ealebed/gh-app-cherry-pick-poc/internal/webhook/handler.go:172.2,173.88 2 0
github.com/ealebed/gh-app-cherry-pick-poc/internal/webhook/handler.go:185.3,188.16 2 10
github.com/ealebed/gh-app-cherry-pick-poc/internal/webhook/handler.go:188.16,191.3 2 0
github.com/ealebed/gh-app-cherry-pick-poc/internal/webhook/handler.go:194.2,195.30 2 10
github.com/ealebed/gh-app-cherry-pick-poc/internal/webhook/handler.go:195.30,197.3 1 1
github.com/ealebed/gh-app-cherry-pick-poc/internal/webhook/handler.go:197.8,199.31 2 9
github.com/ealebed/gh-app-cherry-pick-poc/internal/webhook/handler.go:199.31,200.33 1 9
github.com/ealebed/gh-app-cherry-pick-poc/internal/webhook/handler.go:200.33,202.5 1 9
github.com/ealebed/gh-app-cherry-pick-poc/internal/webhook/handler.go:204.3,205.50 2 9
github.com/ealebed/gh-app-cherry-pick-poc/internal/webhook/handler.go:207.2,208.23 2 10
github.com/ealebed/gh-app-cherry-pick-poc/internal/webhook/handler.go:208.23,210.3 1 0
github.com/ealebed/gh-app-cherry-pick-poc/internal/webhook/handler.go:213.2,214.20 2 10
github.com/ealebed/gh-app-cherry-pick-poc/internal/webhook/handler.go:214.20,216.38 2 2
github.com/ealebed/gh-app-cherry-pick-poc/internal/webhook/handler.go:216.38,221.4 2 1
github.com/ealebed/gh-app-cherry-pick-poc/internal/webhook/handler.go:222.3,222.46 1 1
github.com/ealebed/gh-app-cherry-pick-poc/internal/webhook/handler.go:224.2,229.13 4 9
github.com/ealebed/gh-app-cherry-pick-poc/internal/webhook/handler.go:229.13,231.3 1 1
github.com/ealebed/gh-app-cherry-pick-poc/internal/webhook/handler.go:234.2,235.20 2 9
github.com/ealebed/gh-app-cherry-pick-poc/internal/webhook/handler.go:235.20,237.3 1 9
github.com/ealebed/gh-app-cherry-pick-poc/internal/webhook/handler.go:239.2,239.33 1 9
github.com/ealebed/gh-app-cherry-pick-poc/internal/webhook/handler.go:239.33,241.87 1 10
github.com/ealebed/gh-app-cherry-pick-poc/internal/webhook/handler.go:241.87,245.12 2 2
github.com/ealebed/gh-app-cherry-pick-poc/internal/webhook/handler.go:248.3,252.91 3 8
github.com/ealebed/gh-app-cherry-pick-poc/internal/webhook/handler.go:252.91,259.20 2 2
github.com/ealebed/gh-app-cherry-pick-poc/internal/webhook/handler.go:259.20,263.13 2 1
github.com/ealebed/gh-app-cherry-pick-poc/internal/webhook/handler.go:265.4,268.12 2 1
github.com/ealebed/gh-app-cherry-pick-poc/internal/webhook/handler.go:271.3,275.19 3 6
github.com/ealebed/gh-app-cherry-pick-poc/internal/webhook/handler.go:275.19,277.50 1 1
github.com/ealebed/gh-app-cherry-pick-poc/internal/webhook/handler.go:277.50,282.13 3 1
github.com/ealebed/gh-app-cherry-pick-poc/internal/webhook/handler.go:286.4,292.12 3 0
github.com/ealebed/gh-app-cherry-pick-poc/internal/webhook/handler.go:295.3,306.17 5 5
github.com/ealebed/gh-app-cherry-pick-poc/internal/webhook/handler.go:306.17,311.12 3 1
github.com/ealebed/gh-app-cherry-pick-poc/internal/webhook/handler.go:313.3,317.5 2 4
github.com/ealebed/gh-app-cherry-pick-poc/internal/webhook/handler.go:331.123,332.13 1 0
github.com/ealebed/gh-app-cherry-pick-poc/internal/webhook/handler.go:332.13,334.3 1 0
github.com/ealebed/gh-app-cherry-pick-poc/internal/webhook/handler.go:335.2,335.75 1 0
